<?xml version="1.0" encoding="utf-8"?>
<TestRun id="17a77c70-0eb9-4bba-a5a5-f8728e22ffa0" name="kbdav@HONEY 2026-03-13 11:40:04" runUser="HONEY\kbdav" xmlns="http://microsoft.com/schemas/VisualStudio/TeamTest/2010">
  <Times creation="2026-03-13T11:40:04.3151511-04:00" queuing="2026-03-13T11:40:04.3151514-04:00" start="2026-03-13T11:40:03.4858054-04:00" finish="2026-03-13T11:40:04.3198050-04:00" />
  <TestSettings name="default" id="14d2a919-b2da-49f4-b26b-40781e3eac0c">
    <Deployment runDeploymentRoot="kbdav_HONEY_2026-03-13_11_40_04" />
  </TestSettings>
  <Results>
    <UnitTestResult executionId="00408388-ed60-4c3a-a056-5aaa432c270e" testId="a67db008-6292-5aec-7bcc-2080804c672d" testName="MailEngine.Server.Tests.Integration.AspireAppHostTests.Placeholder" computerName="HONEY" duration="00:00:00.0010000" startTime="2026-03-13T11:40:04.1461873-04:00" endTime="2026-03-13T11:40:04.1462335-04:00" testType="13cdc9d9-ddb5-4fa4-a97d-d965ccfc6d4b" outcome="NotExecuted" testListId="8c84fa94-04c1-424b-9868-57a2d4851a1d" relativeResultsDirectory="00408388-ed60-4c3a-a056-5aaa432c270e">
      <Output>
        <ErrorInfo>
          <Message>Placeholder - enable when Aspire generated AppHost test project is available</Message>
        </ErrorInfo>
      </Output>
    </UnitTestResult>
    <UnitTestResult executionId="3711f6d4-7b5d-48f8-8b8f-688ebddac090" testId="63ecd29b-f5fd-6263-d0e6-f14aa8880861" testName="MailEngine.Server.Tests.Integration.PostgresIntegrationTests.Connects_To_Postgres_Creates_Table_Inserts_And_Queries" computerName="HONEY" duration="00:00:00.0661736" startTime="2026-03-13T11:40:04.2213161-04:00" endTime="2026-03-13T11:40:04.2213165-04:00" testType="13cdc9d9-ddb5-4fa4-a97d-d965ccfc6d4b" outcome="Passed" testListId="8c84fa94-04c1-424b-9868-57a2d4851a1d" relativeResultsDirectory="3711f6d4-7b5d-48f8-8b8f-688ebddac090" />
  </Results>
  <TestDefinitions>
    <UnitTest name="MailEngine.Server.Tests.Integration.AspireAppHostTests.Placeholder" storage="c:\users\kbdav\source\repos\jobhunter07\tools\mailengine\src\mailengine.server.tests\bin\debug\net10.0\mailengine.server.tests.dll" id="a67db008-6292-5aec-7bcc-2080804c672d">
      <Execution id="00408388-ed60-4c3a-a056-5aaa432c270e" />
      <TestMethod codeBase="C:\Users\kbdav\source\repos\JobHunter07\Tools\MailEngine\src\MailEngine.Server.Tests\bin\Debug\net10.0\MailEngine.Server.Tests.dll" adapterTypeName="executor://xunit/VsTestRunner2/netcoreapp" className="MailEngine.Server.Tests.Integration.AspireAppHostTests" name="Placeholder" />
    </UnitTest>
    <UnitTest name="MailEngine.Server.Tests.Integration.PostgresIntegrationTests.Connects_To_Postgres_Creates_Table_Inserts_And_Queries" storage="c:\users\kbdav\source\repos\jobhunter07\tools\mailengine\src\mailengine.server.tests\bin\debug\net10.0\mailengine.server.tests.dll" id="63ecd29b-f5fd-6263-d0e6-f14aa8880861">
      <Execution id="3711f6d4-7b5d-48f8-8b8f-688ebddac090" />
      <TestMethod codeBase="C:\Users\kbdav\source\repos\JobHunter07\Tools\MailEngine\src\MailEngine.Server.Tests\bin\Debug\net10.0\MailEngine.Server.Tests.dll" adapterTypeName="executor://xunit/VsTestRunner2/netcoreapp" className="MailEngine.Server.Tests.Integration.PostgresIntegrationTests" name="Connects_To_Postgres_Creates_Table_Inserts_And_Queries" />
    </UnitTest>
  </TestDefinitions>
  <TestEntries>
    <TestEntry testId="a67db008-6292-5aec-7bcc-2080804c672d" executionId="00408388-ed60-4c3a-a056-5aaa432c270e" testListId="8c84fa94-04c1-424b-9868-57a2d4851a1d" />
    <TestEntry testId="63ecd29b-f5fd-6263-d0e6-f14aa8880861" executionId="3711f6d4-7b5d-48f8-8b8f-688ebddac090" testListId="8c84fa94-04c1-424b-9868-57a2d4851a1d" />
  </TestEntries>
  <TestLists>
    <TestList name="Results Not in a List" id="8c84fa94-04c1-424b-9868-57a2d4851a1d" />
    <TestList name="All Loaded Results" id="19431567-8539-422a-85d7-44ee4e166bda" />
  </TestLists>
  <ResultSummary outcome="Completed">
    <Counters total="2" executed="1" passed="1" failed="0" error="0" timeout="0" aborted="0" inconclusive="0" passedButRunAborted="0" notRunnable="0" notExecuted="0" disconnected="0" warning="0" completed="0" inProgress="0" pending="0" />
    <Output>
      <StdOut>[xUnit.net 00:00:00.00] xUnit.net VSTest Adapter v2.5.3.1+6b60a9e56a (64-bit .NET 10.0.2)&#xD;
[xUnit.net 00:00:00.08]   Discovering: MailEngine.Server.Tests&#xD;
[xUnit.net 00:00:00.12]   Discovered:  MailEngine.Server.Tests&#xD;
[xUnit.net 00:00:00.13]   Starting:    MailEngine.Server.Tests&#xD;
[xUnit.net 00:00:00.17]       Placeholder - enable when Aspire generated AppHost test project is available&#xD;
[xUnit.net 00:00:00.25]   Finished:    MailEngine.Server.Tests&#xD;
Test 'MailEngine.Server.Tests.Integration.AspireAppHostTests.Placeholder' was skipped in the test run.&#xD;
</StdOut>
    </Output>
    <RunInfos>
      <RunInfo computerName="HONEY" outcome="Warning" timestamp="2026-03-13T11:40:04.1449732-04:00">
        <Text>[xUnit.net 00:00:00.17]     MailEngine.Server.Tests.Integration.AspireAppHostTests.Placeholder [SKIP]</Text>
      </RunInfo>
    </RunInfos>
  </ResultSummary>
</TestRun>